\BOOKMARK [0][-]{chapter.1}{\376\377\173\054\116\000\172\340\000\040\000\040\137\025\212\000}{}% 1
\BOOKMARK [1][-]{section.1.1}{\376\377\000\061\000\056\000\061\000\040\170\024\172\166\200\314\146\157}{chapter.1}% 2
\BOOKMARK [1][-]{section.1.2}{\376\377\000\061\000\056\000\062\000\040\170\024\172\166\166\356\166\204\123\312\141\017\116\111}{chapter.1}% 3
\BOOKMARK [1][-]{section.1.3}{\376\377\000\061\000\056\000\063\000\040\126\375\121\205\131\026\170\024\172\166\163\260\162\266}{chapter.1}% 4
\BOOKMARK [1][-]{section.1.4}{\376\377\000\061\000\056\000\064\000\040\170\024\172\166\121\205\133\271\116\016\176\304\176\307\150\106\147\266}{chapter.1}% 5
\BOOKMARK [2][-]{subsection.1.4.1}{\376\377\000\061\000\056\000\064\000\056\000\061\000\040\170\024\172\166\121\205\133\271}{section.1.4}% 6
\BOOKMARK [2][-]{subsection.1.4.2}{\376\377\000\061\000\056\000\064\000\056\000\062\000\040\176\304\176\307\150\106\147\266}{section.1.4}% 7
\BOOKMARK [0][-]{chapter.2}{\376\377\173\054\116\214\172\340\000\040\000\040\206\132\142\337\123\026\142\200\147\057\116\016\215\104\156\220\214\003\136\246\174\373\176\337}{}% 8
\BOOKMARK [1][-]{section.2.1}{\376\377\000\062\000\056\000\061\000\040\206\132\142\337\123\026\142\200\147\057}{chapter.2}% 9
\BOOKMARK [2][-]{subsection.2.1.1}{\376\377\000\062\000\056\000\061\000\056\000\061\000\040\206\132\142\337\123\026\142\200\147\057\166\204\122\006\174\173}{section.2.1}% 10
\BOOKMARK [2][-]{subsection.2.1.2}{\376\377\000\062\000\056\000\061\000\056\000\062\000\040\206\132\142\337\123\026\142\200\147\057\166\204\123\321\134\125}{section.2.1}% 11
\BOOKMARK [1][-]{section.2.2}{\376\377\000\062\000\056\000\062\000\040\215\104\156\220\214\003\136\246\174\373\176\337}{chapter.2}% 12
\BOOKMARK [2][-]{subsection.2.2.1}{\376\377\000\062\000\056\000\062\000\056\000\061\000\040\215\104\156\220\214\003\136\246\174\373\176\337\166\204\122\006\174\173}{section.2.2}% 13
\BOOKMARK [2][-]{subsection.2.2.2}{\376\377\000\062\000\056\000\062\000\056\000\062\000\040\121\170\127\213\166\204\206\132\142\337\147\072\174\373\176\337}{section.2.2}% 14
\BOOKMARK [1][-]{section.2.3}{\376\377\000\062\000\056\000\063\000\040\121\163\225\056\142\200\147\057\123\312\122\006\147\220}{chapter.2}% 15
\BOOKMARK [2][-]{subsection.2.3.1}{\376\377\000\062\000\056\000\063\000\056\000\061\000\040\215\104\156\220\166\321\143\247}{section.2.3}% 16
\BOOKMARK [2][-]{subsection.2.3.2}{\376\377\000\062\000\056\000\063\000\056\000\062\000\040\215\104\156\220\214\003\136\246\173\126\165\145}{section.2.3}% 17
\BOOKMARK [1][-]{section.2.4}{\376\377\000\062\000\056\000\064\000\040\147\054\172\340\134\017\176\323}{chapter.2}% 18
\BOOKMARK [0][-]{chapter.3}{\376\377\173\054\116\011\172\340\000\040\000\040\127\372\116\216\215\035\123\366\145\257\122\006\174\173\166\204\131\032\173\227\154\325\155\367\124\010\206\132\142\337\215\104\156\220\214\003\136\246\174\373\176\337}{}% 19
\BOOKMARK [1][-]{section.3.1}{\376\377\000\063\000\056\000\061\000\040\000\102\000\115\000\126\000\123\000\062\166\204\213\276\213\241}{chapter.3}% 20
\BOOKMARK [2][-]{subsection.3.1.1}{\376\377\000\063\000\056\000\061\000\056\000\061\000\040\174\373\176\337\176\323\147\204\213\276\213\241}{section.3.1}% 21
\BOOKMARK [2][-]{subsection.3.1.2}{\376\377\000\063\000\056\000\061\000\056\000\062\000\040\174\373\176\337\166\204\135\345\117\134\155\101\172\013\213\276\213\241}{section.3.1}% 22
\BOOKMARK [1][-]{section.3.2}{\376\377\000\063\000\056\000\062\000\040\000\102\000\115\000\126\000\123\000\062\166\204\122\006\147\220}{chapter.3}% 23
\BOOKMARK [2][-]{subsection.3.2.1}{\376\377\000\063\000\056\000\062\000\056\000\061\000\040\174\373\176\337\176\323\147\204\122\006\147\220}{section.3.2}% 24
\BOOKMARK [2][-]{subsection.3.2.2}{\376\377\000\063\000\056\000\062\000\056\000\062\000\040\121\263\173\126\122\006\174\173\152\041\127\127\166\204\164\006\213\272\122\006\147\220}{section.3.2}% 25
\BOOKMARK [1][-]{section.3.3}{\376\377\000\063\000\056\000\063\000\040\147\054\172\340\134\017\176\323}{chapter.3}% 26
\BOOKMARK [0][-]{chapter.4}{\376\377\173\054\126\333\172\340\000\040\000\040\000\102\000\115\000\126\000\123\000\062\166\204\133\236\163\260\116\016\155\113\213\325}{}% 27
\BOOKMARK [1][-]{section.4.1}{\376\377\000\064\000\056\000\061\000\040\000\102\000\115\000\126\000\123\000\062\166\204\133\236\163\260}{chapter.4}% 28
\BOOKMARK [1][-]{section.4.2}{\376\377\000\064\000\056\000\062\000\040\000\102\000\115\000\126\000\123\000\062\166\204\155\113\213\325}{chapter.4}% 29
\BOOKMARK [2][-]{subsection.4.2.1}{\376\377\000\064\000\056\000\062\000\056\000\061\000\040\155\113\213\325\163\257\130\203}{section.4.2}% 30
\BOOKMARK [2][-]{subsection.4.2.2}{\376\377\000\064\000\056\000\062\000\056\000\062\000\040\116\373\122\241\151\202\217\360}{section.4.2}% 31
\BOOKMARK [2][-]{subsection.4.2.3}{\376\377\000\064\000\056\000\062\000\056\000\063\000\040\155\113\213\325\176\323\147\234}{section.4.2}% 32
\BOOKMARK [2][-]{subsection.4.2.4}{\376\377\000\064\000\056\000\062\000\056\000\064\000\040\155\113\213\325\176\323\147\234\213\304\117\060\122\006\147\220}{section.4.2}% 33
\BOOKMARK [2][-]{subsection.4.2.5}{\376\377\000\064\000\056\000\062\000\056\000\065\000\040\176\323\213\272}{section.4.2}% 34
\BOOKMARK [1][-]{section.4.3}{\376\377\000\064\000\056\000\063\000\040\147\054\172\340\134\017\176\323}{chapter.4}% 35
\BOOKMARK [0][-]{chapter.5}{\376\377\173\054\116\224\172\340\000\040\000\040\140\073\176\323\116\016\134\125\147\033}{}% 36
\BOOKMARK [1][-]{section.5.1}{\376\377\000\065\000\056\000\061\000\040\213\272\145\207\142\100\133\214\142\020\166\204\135\345\117\134}{chapter.5}% 37
\BOOKMARK [1][-]{section.5.2}{\376\377\000\065\000\056\000\062\000\040\122\115\146\157\116\016\134\125\147\033}{chapter.5}% 38
\BOOKMARK [0][-]{chapter*.4}{\376\377\201\364\000\040\000\040\214\042}{}% 39
\BOOKMARK [0][-]{chapter*.5}{\376\377\123\302\200\003\145\207\163\056}{}% 40
